0 info it worked if it ends with ok
1 verbose cli [ 'node', '/usr/local/bin/npm', 'install', '-g', 'sqlite' ]
2 info using npm@1.3.21
3 info using node@v0.10.24
4 verbose cache add [ 'sqlite', null ]
5 verbose cache add name=undefined spec="sqlite" args=["sqlite",null]
6 verbose parsed url { protocol: null,
6 verbose parsed url   slashes: null,
6 verbose parsed url   auth: null,
6 verbose parsed url   host: null,
6 verbose parsed url   port: null,
6 verbose parsed url   hostname: null,
6 verbose parsed url   hash: null,
6 verbose parsed url   search: null,
6 verbose parsed url   query: null,
6 verbose parsed url   pathname: 'sqlite',
6 verbose parsed url   path: 'sqlite',
6 verbose parsed url   href: 'sqlite' }
7 silly lockFile 6d64a5ee-sqlite sqlite
8 verbose lock sqlite /Users/uqiu/.npm/6d64a5ee-sqlite.lock
9 silly lockFile 6d64a5ee-sqlite sqlite
10 silly lockFile 6d64a5ee-sqlite sqlite
11 verbose addNamed [ 'sqlite', '' ]
12 verbose addNamed [ null, '*' ]
13 silly lockFile 02179a0b-sqlite sqlite@
14 verbose lock sqlite@ /Users/uqiu/.npm/02179a0b-sqlite.lock
15 silly addNameRange { name: 'sqlite', range: '*', hasData: false }
16 verbose url raw sqlite
17 verbose url resolving [ 'https://registry.npmjs.org/', './sqlite' ]
18 verbose url resolved https://registry.npmjs.org/sqlite
19 info trying registry request attempt 1 at 14:58:16
20 http GET https://registry.npmjs.org/sqlite
21 http 200 https://registry.npmjs.org/sqlite
22 silly registry.get cb [ 200,
22 silly registry.get   { date: 'Sun, 26 Jan 2014 20:58:14 GMT',
22 silly registry.get     server: 'CouchDB/1.5.0 (Erlang OTP/R15B03)',
22 silly registry.get     etag: '"1VM9OUE2KPX58EN7VA0PTBB54"',
22 silly registry.get     'content-type': 'application/json',
22 silly registry.get     'content-length': '3845',
22 silly registry.get     'accept-ranges': 'bytes',
22 silly registry.get     via: '1.1 varnish',
22 silly registry.get     age: '0',
22 silly registry.get     'x-served-by': 'cache-d45-DAL',
22 silly registry.get     'x-cache': 'MISS',
22 silly registry.get     'x-cache-hits': '0',
22 silly registry.get     'x-timer': 'S1390769894.369819880,VS0,VE12',
22 silly registry.get     vary: 'Accept',
22 silly registry.get     'keep-alive': 'timeout=10, max=50',
22 silly registry.get     connection: 'Keep-Alive' } ]
23 silly addNameRange number 2 { name: 'sqlite', range: '*', hasData: true }
24 silly addNameRange versions [ 'sqlite', [ '1.0.2', '1.0.3', '1.0.4' ] ]
25 verbose addNamed [ 'sqlite', '1.0.4' ]
26 verbose addNamed [ '1.0.4', '1.0.4' ]
27 silly lockFile f07a2cfe-sqlite-1-0-4 sqlite@1.0.4
28 verbose lock sqlite@1.0.4 /Users/uqiu/.npm/f07a2cfe-sqlite-1-0-4.lock
29 silly lockFile 2addb338-pmjs-org-sqlite-sqlite-1-0-4-tgz https://registry.npmjs.org/sqlite/-/sqlite-1.0.4.tgz
30 verbose lock https://registry.npmjs.org/sqlite/-/sqlite-1.0.4.tgz /Users/uqiu/.npm/2addb338-pmjs-org-sqlite-sqlite-1-0-4-tgz.lock
31 verbose addRemoteTarball [ 'https://registry.npmjs.org/sqlite/-/sqlite-1.0.4.tgz',
31 verbose addRemoteTarball   '046d07908f37ec306723b4d347e6e1a8f4cce98e' ]
32 info retry fetch attempt 1 at 14:58:17
33 verbose fetch to= /Users/uqiu/tmp/npm-61878-eIPuH68O/1390769897268-0.869548765476793/tmp.tgz
34 http GET https://registry.npmjs.org/sqlite/-/sqlite-1.0.4.tgz
35 http 200 https://registry.npmjs.org/sqlite/-/sqlite-1.0.4.tgz
36 verbose tar unpack /Users/uqiu/tmp/npm-61878-eIPuH68O/1390769897268-0.869548765476793/tmp.tgz
37 silly lockFile 26934fde-897268-0-869548765476793-package tar:///Users/uqiu/tmp/npm-61878-eIPuH68O/1390769897268-0.869548765476793/package
38 verbose lock tar:///Users/uqiu/tmp/npm-61878-eIPuH68O/1390769897268-0.869548765476793/package /Users/uqiu/.npm/26934fde-897268-0-869548765476793-package.lock
39 silly lockFile 72649bfd-897268-0-869548765476793-tmp-tgz tar:///Users/uqiu/tmp/npm-61878-eIPuH68O/1390769897268-0.869548765476793/tmp.tgz
40 verbose lock tar:///Users/uqiu/tmp/npm-61878-eIPuH68O/1390769897268-0.869548765476793/tmp.tgz /Users/uqiu/.npm/72649bfd-897268-0-869548765476793-tmp-tgz.lock
41 silly gunzTarPerm modes [ '755', '644' ]
42 silly gunzTarPerm extractEntry
43 silly gunzTarPerm extractEntry .gitignore
44 silly gunzTarPerm extractEntry .gitmodules
45 silly gunzTarPerm extractEntry async-testing/
46 silly gunzTarPerm extractEntry build.sh
47 silly gunzTarPerm extractEntry deps/
48 silly gunzTarPerm extractEntry package.json
49 silly gunzTarPerm extractEntry README.md
50 silly gunzTarPerm extractEntry run-tests
51 silly gunzTarPerm extractEntry sqlite.js
52 silly gunzTarPerm extractEntry sqlite3_bindings.node
53 silly gunzTarPerm extractEntry src/
54 silly gunzTarPerm extractEntry tests/
55 silly gunzTarPerm extractEntry wscript
56 silly gunzTarPerm extractEntry tests/lib/
57 silly gunzTarPerm extractEntry tests/old/
58 silly gunzTarPerm extractEntry tests/test-affected-rows.js
59 silly gunzTarPerm extractEntry tests/test-bind-placeholders.js
60 silly gunzTarPerm extractEntry tests/test-bind-strings.js
61 silly gunzTarPerm extractEntry tests/test-last-inserted-id.js
62 silly gunzTarPerm extractEntry tests/test-prepare.js
63 silly gunzTarPerm extractEntry tests/test-statement-fetchall.js
64 silly gunzTarPerm extractEntry tests/test-statement-step.js
65 silly gunzTarPerm extractEntry tests/old/speedtest-low-parallel-binds.js
66 warn excluding symbolic link sqlite3_bindings.node -> build/default/sqlite3_bindings.node
67 silly gunzTarPerm extractEntry tests/old/speedtest-low-parallel.js
68 silly gunzTarPerm extractEntry tests/old/speedtest-low.js
69 silly gunzTarPerm extractEntry tests/old/speedtest.js
70 silly gunzTarPerm extractEntry tests/old/speedtest.rb
71 silly gunzTarPerm extractEntry tests/old/speedtest2.js
72 silly gunzTarPerm extractEntry tests/old/speedtest2.rb
73 silly gunzTarPerm extractEntry tests/old/test2.js
74 silly gunzTarPerm extractEntry tests/lib/common.js
75 silly gunzTarPerm extractEntry src/database.cc
76 silly gunzTarPerm extractEntry src/database.h
77 silly gunzTarPerm extractEntry src/sqlite3_bindings.cc
78 silly gunzTarPerm extractEntry src/sqlite3_bindings.h
79 silly gunzTarPerm extractEntry src/statement.cc
80 silly gunzTarPerm extractEntry src/statement.h
81 silly gunzTarPerm extractEntry deps/mpool-2.1.0/
82 silly gunzTarPerm extractEntry deps/sqlite/
83 silly gunzTarPerm extractEntry deps/sqlite/._shell.c
84 silly gunzTarPerm extractEntry deps/sqlite/shell.c
85 silly gunzTarPerm extractEntry deps/sqlite/._sqlite3.c
86 silly gunzTarPerm extractEntry deps/sqlite/sqlite3.c
87 silly gunzTarPerm extractEntry deps/sqlite/._sqlite3.h
88 silly gunzTarPerm extractEntry deps/sqlite/sqlite3.h
89 silly gunzTarPerm extractEntry deps/sqlite/._sqlite3ext.h
90 silly gunzTarPerm extractEntry deps/sqlite/sqlite3ext.h
91 silly gunzTarPerm extractEntry deps/mpool-2.1.0/ChangeLog.1
92 silly gunzTarPerm extractEntry deps/mpool-2.1.0/Makefile
93 silly gunzTarPerm extractEntry deps/mpool-2.1.0/mpool.c
94 silly gunzTarPerm extractEntry deps/mpool-2.1.0/mpool.h
95 silly gunzTarPerm extractEntry deps/mpool-2.1.0/mpool_loc.h
96 silly gunzTarPerm extractEntry deps/mpool-2.1.0/mpool_t.c
97 silly gunzTarPerm extractEntry deps/mpool-2.1.0/NEWS
98 silly gunzTarPerm extractEntry deps/mpool-2.1.0/README
99 silly gunzTarPerm extractEntry async-testing/async_testing.js
100 silly gunzTarPerm extractEntry async-testing/AUTHORS
101 silly gunzTarPerm extractEntry async-testing/examples/
102 silly gunzTarPerm extractEntry async-testing/LICENSE
103 silly gunzTarPerm extractEntry async-testing/node-async-test
104 silly gunzTarPerm extractEntry async-testing/README.markdown
105 silly gunzTarPerm extractEntry async-testing/todo.txt
106 silly gunzTarPerm extractEntry async-testing/examples/test-readme.js
107 silly gunzTarPerm extractEntry async-testing/examples/test-suites.js
108 silly lockFile 26934fde-897268-0-869548765476793-package tar:///Users/uqiu/tmp/npm-61878-eIPuH68O/1390769897268-0.869548765476793/package
109 silly lockFile 26934fde-897268-0-869548765476793-package tar:///Users/uqiu/tmp/npm-61878-eIPuH68O/1390769897268-0.869548765476793/package
110 silly lockFile 72649bfd-897268-0-869548765476793-tmp-tgz tar:///Users/uqiu/tmp/npm-61878-eIPuH68O/1390769897268-0.869548765476793/tmp.tgz
111 silly lockFile 72649bfd-897268-0-869548765476793-tmp-tgz tar:///Users/uqiu/tmp/npm-61878-eIPuH68O/1390769897268-0.869548765476793/tmp.tgz
112 verbose tar pack [ '/Users/uqiu/.npm/sqlite/1.0.4/package.tgz',
112 verbose tar pack   '/Users/uqiu/tmp/npm-61878-eIPuH68O/1390769897268-0.869548765476793/package' ]
113 verbose tarball /Users/uqiu/.npm/sqlite/1.0.4/package.tgz
114 verbose folder /Users/uqiu/tmp/npm-61878-eIPuH68O/1390769897268-0.869548765476793/package
115 silly lockFile 26934fde-897268-0-869548765476793-package tar:///Users/uqiu/tmp/npm-61878-eIPuH68O/1390769897268-0.869548765476793/package
116 verbose lock tar:///Users/uqiu/tmp/npm-61878-eIPuH68O/1390769897268-0.869548765476793/package /Users/uqiu/.npm/26934fde-897268-0-869548765476793-package.lock
117 silly lockFile e34a90d2-qiu-npm-sqlite-1-0-4-package-tgz tar:///Users/uqiu/.npm/sqlite/1.0.4/package.tgz
118 verbose lock tar:///Users/uqiu/.npm/sqlite/1.0.4/package.tgz /Users/uqiu/.npm/e34a90d2-qiu-npm-sqlite-1-0-4-package-tgz.lock
119 silly lockFile 26934fde-897268-0-869548765476793-package tar:///Users/uqiu/tmp/npm-61878-eIPuH68O/1390769897268-0.869548765476793/package
120 silly lockFile 26934fde-897268-0-869548765476793-package tar:///Users/uqiu/tmp/npm-61878-eIPuH68O/1390769897268-0.869548765476793/package
121 silly lockFile e34a90d2-qiu-npm-sqlite-1-0-4-package-tgz tar:///Users/uqiu/.npm/sqlite/1.0.4/package.tgz
122 silly lockFile e34a90d2-qiu-npm-sqlite-1-0-4-package-tgz tar:///Users/uqiu/.npm/sqlite/1.0.4/package.tgz
123 silly lockFile ff102425-rs-uqiu-npm-sqlite-1-0-4-package /Users/uqiu/.npm/sqlite/1.0.4/package
124 verbose lock /Users/uqiu/.npm/sqlite/1.0.4/package /Users/uqiu/.npm/ff102425-rs-uqiu-npm-sqlite-1-0-4-package.lock
125 silly lockFile ff102425-rs-uqiu-npm-sqlite-1-0-4-package /Users/uqiu/.npm/sqlite/1.0.4/package
126 silly lockFile ff102425-rs-uqiu-npm-sqlite-1-0-4-package /Users/uqiu/.npm/sqlite/1.0.4/package
127 verbose tar unpack /Users/uqiu/.npm/sqlite/1.0.4/package.tgz
128 silly lockFile 4eb125f3-rs-uqiu-npm-sqlite-1-0-4-package tar:///Users/uqiu/.npm/sqlite/1.0.4/package
129 verbose lock tar:///Users/uqiu/.npm/sqlite/1.0.4/package /Users/uqiu/.npm/4eb125f3-rs-uqiu-npm-sqlite-1-0-4-package.lock
130 silly lockFile e34a90d2-qiu-npm-sqlite-1-0-4-package-tgz tar:///Users/uqiu/.npm/sqlite/1.0.4/package.tgz
131 verbose lock tar:///Users/uqiu/.npm/sqlite/1.0.4/package.tgz /Users/uqiu/.npm/e34a90d2-qiu-npm-sqlite-1-0-4-package-tgz.lock
132 silly gunzTarPerm modes [ '755', '644' ]
133 silly gunzTarPerm extractEntry package.json
134 silly gunzTarPerm extractEntry .npmignore
135 silly gunzTarPerm extractEntry README.md
136 silly gunzTarPerm extractEntry sqlite.js
137 silly gunzTarPerm extractEntry async-testing/LICENSE
138 silly gunzTarPerm extractEntry async-testing/async_testing.js
139 silly gunzTarPerm extractEntry async-testing/AUTHORS
140 silly gunzTarPerm extractEntry async-testing/README.markdown
141 silly gunzTarPerm extractEntry async-testing/examples/test-readme.js
142 silly gunzTarPerm extractEntry async-testing/examples/test-suites.js
143 silly gunzTarPerm extractEntry async-testing/node-async-test
144 silly gunzTarPerm extractEntry async-testing/todo.txt
145 silly gunzTarPerm extractEntry build.sh
146 silly gunzTarPerm extractEntry deps/mpool-2.1.0/README
147 silly gunzTarPerm extractEntry deps/mpool-2.1.0/ChangeLog.1
148 silly gunzTarPerm extractEntry deps/mpool-2.1.0/Makefile
149 silly gunzTarPerm extractEntry deps/mpool-2.1.0/NEWS
150 silly gunzTarPerm extractEntry deps/mpool-2.1.0/mpool.c
151 silly gunzTarPerm extractEntry deps/mpool-2.1.0/mpool.h
152 silly gunzTarPerm extractEntry deps/mpool-2.1.0/mpool_loc.h
153 silly gunzTarPerm extractEntry deps/mpool-2.1.0/mpool_t.c
154 silly gunzTarPerm extractEntry deps/sqlite/shell.c
155 silly gunzTarPerm extractEntry deps/sqlite/sqlite3.c
156 silly gunzTarPerm extractEntry deps/sqlite/sqlite3.h
157 silly gunzTarPerm extractEntry deps/sqlite/sqlite3ext.h
158 silly gunzTarPerm extractEntry .gitmodules
159 silly gunzTarPerm extractEntry run-tests
160 silly gunzTarPerm extractEntry src/database.cc
161 silly gunzTarPerm extractEntry src/database.h
162 silly gunzTarPerm extractEntry src/sqlite3_bindings.cc
163 silly gunzTarPerm extractEntry src/sqlite3_bindings.h
164 silly gunzTarPerm extractEntry src/statement.cc
165 silly gunzTarPerm extractEntry src/statement.h
166 silly gunzTarPerm extractEntry tests/test-affected-rows.js
167 silly gunzTarPerm extractEntry tests/test-bind-placeholders.js
168 silly gunzTarPerm extractEntry tests/test-bind-strings.js
169 silly gunzTarPerm extractEntry tests/test-last-inserted-id.js
170 silly gunzTarPerm extractEntry tests/test-prepare.js
171 silly gunzTarPerm extractEntry tests/test-statement-fetchall.js
172 silly gunzTarPerm extractEntry tests/test-statement-step.js
173 silly gunzTarPerm extractEntry tests/lib/common.js
174 silly gunzTarPerm extractEntry tests/old/speedtest-low-parallel-binds.js
175 silly gunzTarPerm extractEntry tests/old/speedtest-low-parallel.js
176 silly gunzTarPerm extractEntry tests/old/speedtest-low.js
177 silly gunzTarPerm extractEntry tests/old/speedtest.js
178 silly gunzTarPerm extractEntry tests/old/speedtest2.js
179 silly gunzTarPerm extractEntry tests/old/test2.js
180 silly gunzTarPerm extractEntry tests/old/speedtest.rb
181 silly gunzTarPerm extractEntry tests/old/speedtest2.rb
182 silly gunzTarPerm extractEntry wscript
183 silly lockFile 4eb125f3-rs-uqiu-npm-sqlite-1-0-4-package tar:///Users/uqiu/.npm/sqlite/1.0.4/package
184 silly lockFile 4eb125f3-rs-uqiu-npm-sqlite-1-0-4-package tar:///Users/uqiu/.npm/sqlite/1.0.4/package
185 silly lockFile e34a90d2-qiu-npm-sqlite-1-0-4-package-tgz tar:///Users/uqiu/.npm/sqlite/1.0.4/package.tgz
186 silly lockFile e34a90d2-qiu-npm-sqlite-1-0-4-package-tgz tar:///Users/uqiu/.npm/sqlite/1.0.4/package.tgz
187 verbose chmod /Users/uqiu/.npm/sqlite/1.0.4/package.tgz 644
188 verbose chown /Users/uqiu/.npm/sqlite/1.0.4/package.tgz [ 1878490496, 2022363315 ]
189 silly lockFile 2addb338-pmjs-org-sqlite-sqlite-1-0-4-tgz https://registry.npmjs.org/sqlite/-/sqlite-1.0.4.tgz
190 silly lockFile 2addb338-pmjs-org-sqlite-sqlite-1-0-4-tgz https://registry.npmjs.org/sqlite/-/sqlite-1.0.4.tgz
191 silly lockFile f07a2cfe-sqlite-1-0-4 sqlite@1.0.4
192 silly lockFile f07a2cfe-sqlite-1-0-4 sqlite@1.0.4
193 silly lockFile 02179a0b-sqlite sqlite@
194 silly lockFile 02179a0b-sqlite sqlite@
195 silly resolved [ { name: 'sqlite',
195 silly resolved     description: 'SQLite3 bindings for Node',
195 silly resolved     version: '1.0.4',
195 silly resolved     homepage: 'http://github.com/orlandov/node-sqlite',
195 silly resolved     author:
195 silly resolved      { name: 'Orlando Vazquez',
195 silly resolved        email: 'ovazquez@gmail.com',
195 silly resolved        url: 'http://2wycked.net' },
195 silly resolved     contributors: [ [Object], [Object], [Object], [Object] ],
195 silly resolved     repository:
195 silly resolved      { type: 'git',
195 silly resolved        url: 'http://github.com/orlandov/node-sqlite.git' },
195 silly resolved     main: './sqlite',
195 silly resolved     engines: { node: '>=0.2.0' },
195 silly resolved     scripts: { test: './run-tests', preinstall: 'node-waf configure build' },
195 silly resolved     licenses: [ [Object] ],
195 silly resolved     readme: '# NAME\n\nnode-sqlite - Asynchronous SQLite3 driver for Node.js\n\nSQLite calls block, so to work around this, synchronous calls happen within\nNode\'s libeio thread-pool, in a similar manner to how POSIX calls are\ncurrently made.\n\n# SYNOPSIS\n\n## High-level Driver\n\n    var sys    = require(\'sys\'),\n        sqlite = require(\'sqlite\');\n\n    var db = new sqlite.Database();\n\n    // open the database for reading if file exists\n    // create new database file if not\n\n    db.open("aquateen.db", function (error) {\n      if (error) {\n          console.log("Tonight. You."));\n          throw error;\n      }\n      db.execute\n        ( "INSERT INTO aqua_teens (name) VALUES (?)"\n        , [\'meaty meaty moo\']\n        , function (error, rows) {\n            if (error) throw error;\n            console.log("Aqua teen added.");\n          }\n        );\n      var sql = \'SELECT name FROM dudes WHERE type = ? AND age > ?\';\n\n      db.prepare(sql, function (error, statement) {\n        if (error) throw error;\n\n        // Fill in the placeholders\n        statement.bindArray([\'milkshake\', 30], function () {\n\n          statement.fetchAll(function (error, rows) {\n            // ...\n            statement.finalize(function (error) {\n              console.log("All done!");\n            });\n          });\n        });\n      });\n    });\n\n# API\n\n## Database Objects\n\nTo create a new database object:\n    var sqlite = require(\'sqlite\');\n\n    var db = sqlite.Database();\n\n### database.open(filename, function (error) {})\n\nOpen a database handle to the database at the specified filename. If the file\ndoes not exist the bindings will attempt to create it. The callback takes no\narguments.\n\nA filename of ":memory:" may be used to create an in-memory database.\n\n### database.close(function (error) {})\n\nClose the database handle.\n\n### database.execute(sql[, bindings], function (error, rows) {})\n\nExecute a SQL query, `sql` with optional bindings `bindings` on the currently\nopened database. The callback will be executed once with all the rows returned\nfor the query. This is much faster than `database.query` since there are less roundtrips into the thread-pool.\n\n### database.query(sql, [bindings,] function (error, row) {})\n\nExecute a SQL query, `sql`, with optional bindings `bindings` on the currently\nopened database. The callback will be executed once per row returned, plus\nonce more with row set to undefined to indicate end of results.\n\n### database.executeScript(SQL, function (error) {});\n\n    db.executeScript\n      (   "CREATE TABLE table1 (id, name);"\n        + "CREATE TABLE table2 (id, age);"\n        + "INSERT INTO table1 (1, \'Mister Shake\');"\n        + "INSER INTO table2 (1, 34);"\n      , function (error) {\n          if (error) throw error;\n          // ...\n        });\n\nExecute multiple semi-colon separated SQL statements. Statements must take no\nplaceholders. Each statement will be executed with a single step() and then\nreset. This is ideally suited to executing multiple DDL statements.\n\n### database.prepare(SQL, [options,] function (error, statement) {})\n\nCreate a prepared statement from an SQL string. Prepared statements can be\nused used to iterate over results and to avoid compiling SQL each time a query\nis performed.\n\nOptions:\n\n- lastInsertRowID: boolean, default false.\n    If true, when this statement is step()\'d over, the context object (this) in\n    the callback will contain a lastInsertRowID member with the ID of the last\n    inserted row.\n\n- affectedRows: boolean, default false.\n    If true, when this statement is step()\'d over, the context object (this) in\n    the callback will contain an affectedRows member with the number of\n    affected rows for the last step.\n\n## Statement Objects\n\n### statement.bindArray(array, function (error) {})\n\n    statement.bindArray([1, \'robots\', 4.20], callback)\n\nBind array items to place-holder values (? or $foo) in statement.\n\n### statement.bindObject(object, function (error) {})\n\n    statement.bindObject({ $name: \'meatwad\',\n                           $occupation: \'Former detective\' }, callback)\n\nBind object properties to named place-holder values ($foo, $bar, $baz) in\nstatement.\n\n### statement.bind(position, value, function (error) {})\n\n    statement.bind(1, "tango", function (error) {})\n\nBind a value to a place-holder position. Because binding place-holders is done\nby position (not index), the first place-holder is at position 1, second at\nplace-holder position 2, etc.\n\n### statement.clearBindings()\n\nImmediately clear the bindings from the statement. There is no callback.\n\n### statement.step(function (error, row) {})\n\nFetch one row from a prepared statement and hand it off to a callback. If\nthere are no more rows to be fetched, row will be undefined. Rows are\nrepresented as objects with properties named after the respective columns.\n\n### statement.fetchAll(function (error, rows) {})\n\nFetch all rows in statement and pass them to the callback as an array of\nobjects, each object representing one row.\n\n### statement.reset()\n\nImmediately reset a statement object back to it\'s initial state, ready to be\nstep() or fetchAll()\'d again.\n\n### statement.finalize(function (error) {})\n\nFree SQLite objects associated with this statement and mark it for garbage\ncollection.\n\n## Supported Types\n\nAt the moment, the supported types are TEXT, NUMBER, FLOAT and NULL.\n\n# BUILDING\n\nTo obtain and build the bindings:\n\n    git clone http://github.com/orlandov/node-sqlite.git\n    cd node-sqlite\n    node-waf configure build\n\n# TESTS\n\nRunning the unit tests could not be easier. Simply:\n\n    git submodule update --init\n    ./run-tests\n\n# SEE ALSO\n\n* http://sqlite.org/docs.html\n* http://github.com/grumdrig/node-sqlite/\n\n# AUTHORS\n\nOrlando Vazquez [ovazquez@gmail.com]\n\nRyan Dahl [ry@tinyclouds.org]\n\n# THANKS\n\nMany thanks to Eric Fredricksen for his synchronous driver on which this\ndriver was originally based.\n\n* http://github.com/grumdrig/node-sqlite/\n* http://grumdrig.com/node-sqlite/\n\n# LICENSE\n\nnode-sqlite is BSD licensed.\n\n(c) 2010 Orlando Vazquez\n',
195 silly resolved     readmeFilename: 'README.md',
195 silly resolved     bugs: { url: 'https://github.com/orlandov/node-sqlite/issues' },
195 silly resolved     _id: 'sqlite@1.0.4',
195 silly resolved     dist: { shasum: '71fedea11c5d6c17ff8bc543f57f2b053a377dc1' },
195 silly resolved     _from: 'sqlite@',
195 silly resolved     _resolved: 'https://registry.npmjs.org/sqlite/-/sqlite-1.0.4.tgz' } ]
196 info install sqlite@1.0.4 into /usr/local/lib
197 info installOne sqlite@1.0.4
198 info /usr/local/lib/node_modules/sqlite unbuild
199 verbose tar unpack /Users/uqiu/.npm/sqlite/1.0.4/package.tgz
200 silly lockFile 44585ecc-sr-local-lib-node-modules-sqlite tar:///usr/local/lib/node_modules/sqlite
201 verbose lock tar:///usr/local/lib/node_modules/sqlite /Users/uqiu/.npm/44585ecc-sr-local-lib-node-modules-sqlite.lock
202 silly lockFile e34a90d2-qiu-npm-sqlite-1-0-4-package-tgz tar:///Users/uqiu/.npm/sqlite/1.0.4/package.tgz
203 verbose lock tar:///Users/uqiu/.npm/sqlite/1.0.4/package.tgz /Users/uqiu/.npm/e34a90d2-qiu-npm-sqlite-1-0-4-package-tgz.lock
204 silly gunzTarPerm modes [ '755', '644' ]
205 silly gunzTarPerm extractEntry package.json
206 silly gunzTarPerm extractEntry .npmignore
207 silly gunzTarPerm extractEntry README.md
208 silly gunzTarPerm extractEntry sqlite.js
209 silly gunzTarPerm extractEntry async-testing/LICENSE
210 silly gunzTarPerm extractEntry async-testing/async_testing.js
211 silly gunzTarPerm extractEntry async-testing/AUTHORS
212 silly gunzTarPerm extractEntry async-testing/README.markdown
213 silly gunzTarPerm extractEntry async-testing/examples/test-readme.js
214 silly gunzTarPerm extractEntry async-testing/examples/test-suites.js
215 silly gunzTarPerm extractEntry async-testing/node-async-test
216 silly gunzTarPerm extractEntry async-testing/todo.txt
217 silly gunzTarPerm extractEntry build.sh
218 silly gunzTarPerm extractEntry deps/mpool-2.1.0/README
219 silly gunzTarPerm extractEntry deps/mpool-2.1.0/ChangeLog.1
220 silly gunzTarPerm extractEntry deps/mpool-2.1.0/Makefile
221 silly gunzTarPerm extractEntry deps/mpool-2.1.0/NEWS
222 silly gunzTarPerm extractEntry deps/mpool-2.1.0/mpool.c
223 silly gunzTarPerm extractEntry deps/mpool-2.1.0/mpool.h
224 silly gunzTarPerm extractEntry deps/mpool-2.1.0/mpool_loc.h
225 silly gunzTarPerm extractEntry deps/mpool-2.1.0/mpool_t.c
226 silly gunzTarPerm extractEntry deps/sqlite/shell.c
227 silly gunzTarPerm extractEntry deps/sqlite/sqlite3.c
228 silly gunzTarPerm extractEntry deps/sqlite/sqlite3.h
229 silly gunzTarPerm extractEntry deps/sqlite/sqlite3ext.h
230 silly gunzTarPerm extractEntry .gitmodules
231 silly gunzTarPerm extractEntry run-tests
232 silly gunzTarPerm extractEntry src/database.cc
233 silly gunzTarPerm extractEntry src/database.h
234 silly gunzTarPerm extractEntry src/sqlite3_bindings.cc
235 silly gunzTarPerm extractEntry src/sqlite3_bindings.h
236 silly gunzTarPerm extractEntry src/statement.cc
237 silly gunzTarPerm extractEntry src/statement.h
238 silly gunzTarPerm extractEntry tests/test-affected-rows.js
239 silly gunzTarPerm extractEntry tests/test-bind-placeholders.js
240 silly gunzTarPerm extractEntry tests/test-bind-strings.js
241 silly gunzTarPerm extractEntry tests/test-last-inserted-id.js
242 silly gunzTarPerm extractEntry tests/test-prepare.js
243 silly gunzTarPerm extractEntry tests/test-statement-fetchall.js
244 silly gunzTarPerm extractEntry tests/test-statement-step.js
245 silly gunzTarPerm extractEntry tests/lib/common.js
246 silly gunzTarPerm extractEntry tests/old/speedtest-low-parallel-binds.js
247 silly gunzTarPerm extractEntry tests/old/speedtest-low-parallel.js
248 silly gunzTarPerm extractEntry tests/old/speedtest-low.js
249 silly gunzTarPerm extractEntry tests/old/speedtest.js
250 silly gunzTarPerm extractEntry tests/old/speedtest2.js
251 silly gunzTarPerm extractEntry tests/old/test2.js
252 silly gunzTarPerm extractEntry tests/old/speedtest.rb
253 silly gunzTarPerm extractEntry tests/old/speedtest2.rb
254 silly gunzTarPerm extractEntry wscript
255 silly lockFile 44585ecc-sr-local-lib-node-modules-sqlite tar:///usr/local/lib/node_modules/sqlite
256 silly lockFile 44585ecc-sr-local-lib-node-modules-sqlite tar:///usr/local/lib/node_modules/sqlite
257 silly lockFile e34a90d2-qiu-npm-sqlite-1-0-4-package-tgz tar:///Users/uqiu/.npm/sqlite/1.0.4/package.tgz
258 silly lockFile e34a90d2-qiu-npm-sqlite-1-0-4-package-tgz tar:///Users/uqiu/.npm/sqlite/1.0.4/package.tgz
259 info preinstall sqlite@1.0.4
260 verbose unsafe-perm in lifecycle false
261 info sqlite@1.0.4 Failed to exec preinstall script
262 info /usr/local/lib/node_modules/sqlite unbuild
263 info preuninstall sqlite@1.0.4
264 info uninstall sqlite@1.0.4
265 verbose true,/usr/local/lib/node_modules,/usr/local/lib/node_modules unbuild sqlite@1.0.4
266 info postuninstall sqlite@1.0.4
267 error sqlite@1.0.4 preinstall: `node-waf configure build`
267 error Exit status 127
268 error Failed at the sqlite@1.0.4 preinstall script.
268 error This is most likely a problem with the sqlite package,
268 error not with npm itself.
268 error Tell the author that this fails on your system:
268 error     node-waf configure build
268 error You can get their info via:
268 error     npm owner ls sqlite
268 error There is likely additional logging output above.
269 error System Darwin 13.0.0
270 error command "node" "/usr/local/bin/npm" "install" "-g" "sqlite"
271 error cwd /Users/uqiu/github/MyPasswords
272 error node -v v0.10.24
273 error npm -v 1.3.21
274 error code ELIFECYCLE
275 verbose exit [ 1, true ]
